Using pre-set license
Built from '2021.3/staging' branch; Version is '2021.3.6f1 (7da38d85baf6) revision 8233869'; Using compiler version '192829333'; Build Type 'Release'
OS: 'Windows 10  (10.0.19045) 64bit Professional' Language: 'es' Physical Memory: 12211 MB
BatchMode: 1, IsHumanControllingUs: 0, StartBugReporterOnCrash: 0, Is64bit: 1, IsPro: 1

COMMAND LINE ARGUMENTS:
C:\Program Files\Unity\Hub\Editor\2021.3.6f1-x86_64\Editor\Unity.exe
-adb2
-batchMode
-noUpm
-name
AssetImportWorker0
-projectPath
D:/Videojuegos-Proyects/CuboMagico/Cubo Mágico
-logFile
Logs/AssetImportWorker0.log
-srvPort
50074
Successfully changed project path to: D:/Videojuegos-Proyects/CuboMagico/Cubo Mágico
D:/Videojuegos-Proyects/CuboMagico/Cubo Mágico
[UnityMemory] Configuration Parameters - Can be set up in boot.config
    "memorysetup-bucket-allocator-granularity=16"
    "memorysetup-bucket-allocator-bucket-count=8"
    "memorysetup-bucket-allocator-block-size=33554432"
    "memorysetup-bucket-allocator-block-count=8"
    "memorysetup-main-allocator-block-size=16777216"
    "memorysetup-thread-allocator-block-size=16777216"
    "memorysetup-gfx-main-allocator-block-size=16777216"
    "memorysetup-gfx-thread-allocator-block-size=16777216"
    "memorysetup-cache-allocator-block-size=4194304"
    "memorysetup-typetree-allocator-block-size=2097152"
    "memorysetup-profiler-bucket-allocator-granularity=16"
    "memorysetup-profiler-bucket-allocator-bucket-count=8"
    "memorysetup-profiler-bucket-allocator-block-size=33554432"
    "memorysetup-profiler-bucket-allocator-block-count=8"
    "memorysetup-profiler-allocator-block-size=16777216"
    "memorysetup-profiler-editor-allocator-block-size=1048576"
    "memorysetup-temp-allocator-size-main=16777216"
    "memorysetup-job-temp-allocator-block-size=2097152"
    "memorysetup-job-temp-allocator-block-size-background=1048576"
    "memorysetup-job-temp-allocator-reduction-small-platforms=262144"
    "memorysetup-temp-allocator-size-background-worker=32768"
    "memorysetup-temp-allocator-size-job-worker=262144"
    "memorysetup-temp-allocator-size-preload-manager=33554432"
    "memorysetup-temp-allocator-size-nav-mesh-worker=65536"
    "memorysetup-temp-allocator-size-audio-worker=65536"
    "memorysetup-temp-allocator-size-cloud-worker=32768"
    "memorysetup-temp-allocator-size-gi-baking-worker=262144"
    "memorysetup-temp-allocator-size-gfx=262144"
Refreshing native plugins compatible for Editor in 605.59 ms, found 3 plugins.
Preloading 0 native plugins for Editor in 0.00 ms.
Initialize engine version: 2021.3.6f1 (7da38d85baf6)
[Subsystems] Discovering subsystems at path C:/Program Files/Unity/Hub/Editor/2021.3.6f1-x86_64/Editor/Data/Resources/UnitySubsystems
[Subsystems] Discovering subsystems at path D:/Videojuegos-Proyects/CuboMagico/Cubo Mágico/Assets
GfxDevice: creating device client; threaded=0; jobified=0
Direct3D:
    Version:  Direct3D 11.0 [level 11.1]
    Renderer: Intel(R) HD Graphics Family (ID=0xa16)
    Vendor:   Intel
    VRAM:     2048 MB
    Driver:   20.19.15.5171
Initialize mono
Mono path[0] = 'C:/Program Files/Unity/Hub/Editor/2021.3.6f1-x86_64/Editor/Data/Managed'
Mono path[1] = 'C:/Program Files/Unity/Hub/Editor/2021.3.6f1-x86_64/Editor/Data/MonoBleedingEdge/lib/mono/unityjit-win32'
Mono config path = 'C:/Program Files/Unity/Hub/Editor/2021.3.6f1-x86_64/Editor/Data/MonoBleedingEdge/etc'
Using monoOptions --debugger-agent=transport=dt_socket,embedding=1,server=y,suspend=n,address=127.0.0.1:56680
Begin MonoManager ReloadAssembly
Registering precompiled unity dll's ...
Register platform support module: C:/Program Files/Unity/Hub/Editor/2021.3.6f1-x86_64/Editor/Data/PlaybackEngines/WebGLSupport/UnityEditor.WebGL.Extensions.dll
Register platform support module: C:/Program Files/Unity/Hub/Editor/2021.3.6f1-x86_64/Editor/Data/PlaybackEngines/WindowsStandaloneSupport/UnityEditor.WindowsStandalone.Extensions.dll
Registered in 0.096323 seconds.
Native extension for WindowsStandalone target not found
Native extension for WebGL target not found
Refreshing native plugins compatible for Editor in 394.85 ms, found 3 plugins.
Preloading 0 native plugins for Editor in 0.00 ms.
Mono: successfully reloaded assembly
- Completed reload, in  5.928 seconds
Domain Reload Profiling:
	ReloadAssembly (5929ms)
		BeginReloadAssembly (872ms)
			ExecutionOrderSort (0ms)
			DisableScriptedObjects (0ms)
			BackupInstance (0ms)
			ReleaseScriptingObjects (0ms)
			CreateAndSetChildDomain (5ms)
		EndReloadAssembly (3730ms)
			LoadAssemblies (833ms)
			RebuildTransferFunctionScriptingTraits (1ms)
			SetupTypeCache (923ms)
			ReleaseScriptCaches (0ms)
			RebuildScriptCaches (257ms)
			SetupLoadedEditorAssemblies (2039ms)
				LogAssemblyErrors (0ms)
				InitializePlatformSupportModulesInManaged (128ms)
				SetLoadedEditorAssemblies (0ms)
				RefreshPlugins (395ms)
				BeforeProcessingInitializeOnLoad (5ms)
				ProcessInitializeOnLoadAttributes (1168ms)
				ProcessInitializeOnLoadMethodAttributes (342ms)
				AfterProcessingInitializeOnLoad (0ms)
				EditorAssembliesLoaded (0ms)
			ExecutionOrderSort2 (0ms)
			AwakeInstancesAfterBackupRestoration (0ms)
Platform modules already initialized, skipping
Registering precompiled user dll's ...
Registered in 0.038034 seconds.
Begin MonoManager ReloadAssembly
Symbol file LoadedFromMemory doesn't match image D:\Videojuegos-Proyects\CuboMagico\Cubo Mágico\Library\PackageCache\com.unity.visualscripting@1.7.8\Editor\VisualScripting.Core\Dependencies\YamlDotNet\Unity.VisualScripting.YamlDotNet.dll
Symbol file LoadedFromMemory doesn't match image D:\Videojuegos-Proyects\CuboMagico\Cubo Mágico\Library\PackageCache\com.unity.visualscripting@1.7.8\Editor\VisualScripting.Core\Dependencies\DotNetZip\Unity.VisualScripting.IonicZip.dll
Native extension for WindowsStandalone target not found
Native extension for WebGL target not found
Refreshing native plugins compatible for Editor in 2.17 ms, found 3 plugins.
Preloading 0 native plugins for Editor in 0.00 ms.
Mono: successfully reloaded assembly
- Completed reload, in  7.991 seconds
Domain Reload Profiling:
	ReloadAssembly (7998ms)
		BeginReloadAssembly (733ms)
			ExecutionOrderSort (0ms)
			DisableScriptedObjects (33ms)
			BackupInstance (0ms)
			ReleaseScriptingObjects (1ms)
			CreateAndSetChildDomain (90ms)
		EndReloadAssembly (6478ms)
			LoadAssemblies (562ms)
			RebuildTransferFunctionScriptingTraits (0ms)
			SetupTypeCache (2153ms)
			ReleaseScriptCaches (3ms)
			RebuildScriptCaches (500ms)
			SetupLoadedEditorAssemblies (2855ms)
				LogAssemblyErrors (0ms)
				InitializePlatformSupportModulesInManaged (71ms)
				SetLoadedEditorAssemblies (7ms)
				RefreshPlugins (3ms)
				BeforeProcessingInitializeOnLoad (610ms)
				ProcessInitializeOnLoadAttributes (1889ms)
				ProcessInitializeOnLoadMethodAttributes (179ms)
				AfterProcessingInitializeOnLoad (96ms)
				EditorAssembliesLoaded (1ms)
			ExecutionOrderSort2 (0ms)
			AwakeInstancesAfterBackupRestoration (40ms)
Platform modules already initialized, skipping
========================================================================
Worker process is ready to serve import requests
Launched and connected shader compiler UnityShaderCompiler.exe after 0.25 seconds
Refreshing native plugins compatible for Editor in 1.48 ms, found 3 plugins.
Preloading 0 native plugins for Editor in 0.00 ms.
Unloading 3373 Unused Serialized files (Serialized files now loaded: 0)
Unloading 25 unused Assets / (55.7 KB). Loaded Objects now: 3832.
Memory consumption went from 116.0 MB to 115.9 MB.
Total: 28.647100 ms (FindLiveObjects: 3.820600 ms CreateObjectMapping: 3.826800 ms MarkObjects: 20.408000 ms  DeleteObjects: 0.587200 ms)

AssetImportParameters requested are different than current active one (requested -> active):
  custom:video-decoder-ogg-theora: a1e56fd34408186e4bbccfd4996cb3dc -> 
  custom:container-muxer-webm: aa71ff27fc2769a1b78a27578f13a17b -> 
  custom:container-demuxer-webm: 4f35f7cbe854078d1ac9338744f61a02 -> 
  custom:video-encoder-webm-vp8: eb34c28f22e8b96e1ab97ce403110664 -> 
  custom:audio-encoder-webm-vorbis: bf7c407c2cedff20999df2af8eb42d56 -> 
  custom:framework-win-MediaFoundation: 216162199b28c13a410421893ffa2e32 -> 
  custom:container-demuxer-ogg: 62fdf1f143b41e24485cea50d1cbac27 -> 
  custom:video-decoder-webm-vp8: 9c59270c3fd7afecdb556c50c9e8de78 -> 
  custom:audio-decoder-ogg-vorbis: bf7c407c2cedff20999df2af8eb42d56 -> 
========================================================================
Received Import Request.
  Time since last request: 978.401181 seconds.
  path: Assets/Guia #7
  artifactKey: Guid(34e89b24cea3f284d939a36181a7360d) Importer(815301076,1909f56bfc062723c751e8b465ee728b)
Start importing Assets/Guia #7 using Guid(34e89b24cea3f284d939a36181a7360d) Importer(815301076,1909f56bfc062723c751e8b465ee728b)  -> (artifact id: '80961e0855984bf4b71306a81892bf53') in 0.088522 seconds 
========================================================================
Received Import Request.
  Time since last request: 16.733835 seconds.
  path: Assets/Scenes/Guia #
  artifactKey: Guid(3aa5f7d6426bb924795c93ff04339f2b) Importer(815301076,1909f56bfc062723c751e8b465ee728b)
Start importing Assets/Scenes/Guia # using Guid(3aa5f7d6426bb924795c93ff04339f2b) Importer(815301076,1909f56bfc062723c751e8b465ee728b)  -> (artifact id: '068bb1cde55f6a3453f8f3f8dd5b3b4e') in 0.055448 seconds 
========================================================================
Received Import Request.
  Time since last request: 6.066592 seconds.
  path: Assets/Scenes/Guia #7
  artifactKey: Guid(3aa5f7d6426bb924795c93ff04339f2b) Importer(815301076,1909f56bfc062723c751e8b465ee728b)
Start importing Assets/Scenes/Guia #7 using Guid(3aa5f7d6426bb924795c93ff04339f2b) Importer(815301076,1909f56bfc062723c751e8b465ee728b)  -> (artifact id: '4f26670c8643b7bbf84c51d80a48a8c6') in 0.016174 seconds 
========================================================================
Received Import Request.
  Time since last request: 71.878534 seconds.
  path: Assets/Scenes/Guia #7/Mission A Materials.unity
  artifactKey: Guid(ad0617dde063ea1459f449f775b17e28) Importer(815301076,1909f56bfc062723c751e8b465ee728b)
Start importing Assets/Scenes/Guia #7/Mission A Materials.unity using Guid(ad0617dde063ea1459f449f775b17e28) Importer(815301076,1909f56bfc062723c751e8b465ee728b)  -> (artifact id: '3ce34ec4f60544e299500120e91ad01a') in 0.050666 seconds 
========================================================================
Received Import Request.
  Time since last request: 32.267184 seconds.
  path: Assets/Material/M_Metal_Pulido.mat
  artifactKey: Guid(cd27bb7cb35f8f64da3f4d7362491a04) Importer(815301076,1909f56bfc062723c751e8b465ee728b)
Start importing Assets/Material/M_Metal_Pulido.mat using Guid(cd27bb7cb35f8f64da3f4d7362491a04) Importer(815301076,1909f56bfc062723c751e8b465ee728b)  -> (artifact id: '53abc750aabd108d9d28964058581a22') in 1.295565 seconds 
========================================================================
Received Import Request.
  Time since last request: 372.671769 seconds.
  path: Assets/Material/M_Plastico_Rugoso.mat
  artifactKey: Guid(a008fc969d27d7e46a37a060a1eb61ec) Importer(815301076,1909f56bfc062723c751e8b465ee728b)
Start importing Assets/Material/M_Plastico_Rugoso.mat using Guid(a008fc969d27d7e46a37a060a1eb61ec) Importer(815301076,1909f56bfc062723c751e8b465ee728b)  -> (artifact id: '4eba7dd8e7803045abc4e51197219050') in 0.238557 seconds 
========================================================================
Received Import Request.
  Time since last request: 66.681488 seconds.
  path: Assets/Material/M_Gold.mat
  artifactKey: Guid(53abb39d2a2beeb40885403becce27c4) Importer(815301076,1909f56bfc062723c751e8b465ee728b)
Start importing Assets/Material/M_Gold.mat using Guid(53abb39d2a2beeb40885403becce27c4) Importer(815301076,1909f56bfc062723c751e8b465ee728b)  -> (artifact id: 'b52b0d713d1f7634773e8c0074f20fab') in 0.205962 seconds 
========================================================================
Received Import Request.
  Time since last request: 267.517858 seconds.
  path: Assets/Scenes/Guia #7/Mission A Materials.unity
  artifactKey: Guid(ad0617dde063ea1459f449f775b17e28) Importer(815301076,1909f56bfc062723c751e8b465ee728b)
Start importing Assets/Scenes/Guia #7/Mission A Materials.unity using Guid(ad0617dde063ea1459f449f775b17e28) Importer(815301076,1909f56bfc062723c751e8b465ee728b)  -> (artifact id: '902fcff09059a843d75cf77f8e490eae') in 0.118720 seconds 
========================================================================
Received Import Request.
  Time since last request: 250.901483 seconds.
  path: Assets/Material/M_Gold.mat
  artifactKey: Guid(53abb39d2a2beeb40885403becce27c4) Importer(815301076,1909f56bfc062723c751e8b465ee728b)
Start importing Assets/Material/M_Gold.mat using Guid(53abb39d2a2beeb40885403becce27c4) Importer(815301076,1909f56bfc062723c751e8b465ee728b)  -> (artifact id: 'ac8d5cfe61c6a90d24af59d8246f1bde') in 0.173573 seconds 
========================================================================
Received Import Request.
  Time since last request: 0.000100 seconds.
  path: Assets/Material/M_Metal_Pulido.mat
  artifactKey: Guid(cd27bb7cb35f8f64da3f4d7362491a04) Importer(815301076,1909f56bfc062723c751e8b465ee728b)
Start importing Assets/Material/M_Metal_Pulido.mat using Guid(cd27bb7cb35f8f64da3f4d7362491a04) Importer(815301076,1909f56bfc062723c751e8b465ee728b)  -> (artifact id: '38bf73d083af7cfd61fc861c45220ada') in 0.348726 seconds 
========================================================================
Received Import Request.
  Time since last request: 0.000079 seconds.
  path: Assets/Material/M_Plastico_Rugoso.mat
  artifactKey: Guid(a008fc969d27d7e46a37a060a1eb61ec) Importer(815301076,1909f56bfc062723c751e8b465ee728b)
Start importing Assets/Material/M_Plastico_Rugoso.mat using Guid(a008fc969d27d7e46a37a060a1eb61ec) Importer(815301076,1909f56bfc062723c751e8b465ee728b)  -> (artifact id: '609b04e7f8fc235f66455a638bc377eb') in 0.152225 seconds 
========================================================================
Received Import Request.
  Time since last request: 12.810066 seconds.
  path: Assets/Art
  artifactKey: Guid(ebe9988562ded34489469ecd4e529e2b) Importer(815301076,1909f56bfc062723c751e8b465ee728b)
Start importing Assets/Art using Guid(ebe9988562ded34489469ecd4e529e2b) Importer(815301076,1909f56bfc062723c751e8b465ee728b)  -> (artifact id: 'e3781ed6cfef0387084070d58c7f8293') in 0.150566 seconds 
========================================================================
Received Import Request.
  Time since last request: 12.316085 seconds.
  path: Assets/Art/Textures
  artifactKey: Guid(d0465d537f2dde243aff7b5c944ebb8d) Importer(815301076,1909f56bfc062723c751e8b465ee728b)
Start importing Assets/Art/Textures using Guid(d0465d537f2dde243aff7b5c944ebb8d) Importer(815301076,1909f56bfc062723c751e8b465ee728b)  -> (artifact id: '829269f25643c7a76820ba3bd3a8b23f') in 0.133440 seconds 
========================================================================
Received Import Request.
  Time since last request: 389.515003 seconds.
  path: Assets/Material/M_Suelo.mat
  artifactKey: Guid(fc9f6ba99058dac4196cf99a52593e1e) Importer(815301076,1909f56bfc062723c751e8b465ee728b)
Start importing Assets/Material/M_Suelo.mat using Guid(fc9f6ba99058dac4196cf99a52593e1e) Importer(815301076,1909f56bfc062723c751e8b465ee728b)  -> (artifact id: '2399b9ae7b0e4c94d4c20d806fe18752') in 0.732570 seconds 
========================================================================
Received Import Request.
  Time since last request: 21.182958 seconds.
  path: Assets/Art/Textures/Ground/Gravel022.png
  artifactKey: Guid(5d83ca9c9adc5bf4ca8ba61f36f301b5) Importer(815301076,1909f56bfc062723c751e8b465ee728b)
Start importing Assets/Art/Textures/Ground/Gravel022.png using Guid(5d83ca9c9adc5bf4ca8ba61f36f301b5) Importer(815301076,1909f56bfc062723c751e8b465ee728b)  -> (artifact id: 'ffc6bc0deb043ad9d76e4d00e9109653') in 0.968210 seconds 
========================================================================
Received Import Request.
  Time since last request: 0.000094 seconds.
  path: Assets/Art/Textures/Ground/Gravel022_2K-JPG_NormalDX.jpg
  artifactKey: Guid(b8af71dca300d3445b9de82a74cec253) Importer(815301076,1909f56bfc062723c751e8b465ee728b)
Start importing Assets/Art/Textures/Ground/Gravel022_2K-JPG_NormalDX.jpg using Guid(b8af71dca300d3445b9de82a74cec253) Importer(815301076,1909f56bfc062723c751e8b465ee728b)  -> (artifact id: 'c49081888f8453e1db4bf902033474f7') in 0.276653 seconds 
========================================================================
Received Import Request.
  Time since last request: 0.000088 seconds.
  path: Assets/Art/Textures/Ground/Gravel022_2K-JPG_Displacement.jpg
  artifactKey: Guid(6e87b1c85deb0a74fb365cf11830ecfc) Importer(815301076,1909f56bfc062723c751e8b465ee728b)
Start importing Assets/Art/Textures/Ground/Gravel022_2K-JPG_Displacement.jpg using Guid(6e87b1c85deb0a74fb365cf11830ecfc) Importer(815301076,1909f56bfc062723c751e8b465ee728b)  -> (artifact id: 'c4b122ccefcfdf8238da04825be1a59b') in 0.160484 seconds 
========================================================================
Received Import Request.
  Time since last request: 0.000186 seconds.
  path: Assets/Art/Textures/Ground/Gravel022_2K-JPG_Color.jpg
  artifactKey: Guid(08e15ea99cfae2c4d9befa72af9ce31f) Importer(815301076,1909f56bfc062723c751e8b465ee728b)
Start importing Assets/Art/Textures/Ground/Gravel022_2K-JPG_Color.jpg using Guid(08e15ea99cfae2c4d9befa72af9ce31f) Importer(815301076,1909f56bfc062723c751e8b465ee728b)  -> (artifact id: '71f98963cdaf3640f26d06dd0598259d') in 0.394894 seconds 
========================================================================
Received Import Request.
  Time since last request: 0.002498 seconds.
  path: Assets/Art/Textures/Ground/Gravel022_2K-JPG_NormalGL.jpg
  artifactKey: Guid(4fb59e4b9e3595a4fa687138523f1659) Importer(815301076,1909f56bfc062723c751e8b465ee728b)
Start importing Assets/Art/Textures/Ground/Gravel022_2K-JPG_NormalGL.jpg using Guid(4fb59e4b9e3595a4fa687138523f1659) Importer(815301076,1909f56bfc062723c751e8b465ee728b)  -> (artifact id: '4d8cb03f36044931a857e9ac962e7dd1') in 0.225432 seconds 
========================================================================
Received Import Request.
  Time since last request: 0.000297 seconds.
  path: Assets/Art/Textures/Ground/Gravel022_2K-JPG_AmbientOcclusion.jpg
  artifactKey: Guid(5fac17a2e0e97b64c91cd818e9c84b53) Importer(815301076,1909f56bfc062723c751e8b465ee728b)
Start importing Assets/Art/Textures/Ground/Gravel022_2K-JPG_AmbientOcclusion.jpg using Guid(5fac17a2e0e97b64c91cd818e9c84b53) Importer(815301076,1909f56bfc062723c751e8b465ee728b)  -> (artifact id: 'bb6f21cb2e2151f9ec236c55e9ac6756') in 0.406331 seconds 
========================================================================
Received Import Request.
  Time since last request: 0.000164 seconds.
  path: Assets/Art/Textures/Ground/Gravel022_2K-JPG_Roughness.jpg
  artifactKey: Guid(c5131a0daf314994c8ebd01fc6611b6a) Importer(815301076,1909f56bfc062723c751e8b465ee728b)
Start importing Assets/Art/Textures/Ground/Gravel022_2K-JPG_Roughness.jpg using Guid(c5131a0daf314994c8ebd01fc6611b6a) Importer(815301076,1909f56bfc062723c751e8b465ee728b)  -> (artifact id: 'ea677e793c7d7ca7c4e338aca3cc7e03') in 0.240279 seconds 
========================================================================
Received Import Request.
  Time since last request: 89.929469 seconds.
  path: Assets/Art/Textures/Ground/Gravel022_2K-JPG_Color.jpg
  artifactKey: Guid(08e15ea99cfae2c4d9befa72af9ce31f) Importer(815301076,1909f56bfc062723c751e8b465ee728b)
Start importing Assets/Art/Textures/Ground/Gravel022_2K-JPG_Color.jpg using Guid(08e15ea99cfae2c4d9befa72af9ce31f) Importer(815301076,1909f56bfc062723c751e8b465ee728b)  -> (artifact id: 'e30d3e174dd33b3bc09b2d56925ad381') in 0.252551 seconds 
========================================================================
Received Import Request.
  Time since last request: 397.572040 seconds.
  path: Assets/Scenes/Guia #7/Mission A Materials 1.unity
  artifactKey: Guid(16d2edb9e326ce8499919f424095205d) Importer(815301076,1909f56bfc062723c751e8b465ee728b)
Start importing Assets/Scenes/Guia #7/Mission A Materials 1.unity using Guid(16d2edb9e326ce8499919f424095205d) Importer(815301076,1909f56bfc062723c751e8b465ee728b)  -> (artifact id: '903d5aca2148529f09c58ae32d2f62a1') in 0.205824 seconds 
========================================================================
Received Import Request.
  Time since last request: 21.152876 seconds.
  path: Assets/Scenes/Guia #7/Misión B La Cámara del Director.unity
  artifactKey: Guid(16d2edb9e326ce8499919f424095205d) Importer(815301076,1909f56bfc062723c751e8b465ee728b)
Start importing Assets/Scenes/Guia #7/Misión B La Cámara del Director.unity using Guid(16d2edb9e326ce8499919f424095205d) Importer(815301076,1909f56bfc062723c751e8b465ee728b)  -> (artifact id: 'b396932be96747615df541d1ec12115f') in 0.073981 seconds 
========================================================================
Received Import Request.
  Time since last request: 4.351492 seconds.
  path: Assets/Scenes/Guia #7/Mission A Materials.unity
  artifactKey: Guid(ad0617dde063ea1459f449f775b17e28) Importer(815301076,1909f56bfc062723c751e8b465ee728b)
Start importing Assets/Scenes/Guia #7/Mission A Materials.unity using Guid(ad0617dde063ea1459f449f775b17e28) Importer(815301076,1909f56bfc062723c751e8b465ee728b)  -> (artifact id: '5de4751ca94490bafc3cfeae48540670') in 0.041680 seconds 
========================================================================
Received Import Request.
  Time since last request: 4.224038 seconds.
  path: Assets/Material/M_Suelo.mat
  artifactKey: Guid(fc9f6ba99058dac4196cf99a52593e1e) Importer(815301076,1909f56bfc062723c751e8b465ee728b)
Start importing Assets/Material/M_Suelo.mat using Guid(fc9f6ba99058dac4196cf99a52593e1e) Importer(815301076,1909f56bfc062723c751e8b465ee728b)  -> (artifact id: '9916194f2ca5b879e3b8e6219a66f7ff') in 1.711836 seconds 
========================================================================
Received Import Request.
  Time since last request: 88.633230 seconds.
  path: Assets/Scripts/ThirdPersonCamera.cs
  artifactKey: Guid(d37a9ea6a747d524488ca762c2f42c37) Importer(815301076,1909f56bfc062723c751e8b465ee728b)
Start importing Assets/Scripts/ThirdPersonCamera.cs using Guid(d37a9ea6a747d524488ca762c2f42c37) Importer(815301076,1909f56bfc062723c751e8b465ee728b)  -> (artifact id: '67b02a58faab4e026732f2a5a3c7a199') in 0.198942 seconds 
========================================================================
Received Prepare
Registering precompiled user dll's ...
Registered in 0.112099 seconds.
Begin MonoManager ReloadAssembly
Symbol file LoadedFromMemory doesn't match image D:\Videojuegos-Proyects\CuboMagico\Cubo Mágico\Library\PackageCache\com.unity.visualscripting@1.7.8\Editor\VisualScripting.Core\Dependencies\YamlDotNet\Unity.VisualScripting.YamlDotNet.dll
Symbol file LoadedFromMemory doesn't match image D:\Videojuegos-Proyects\CuboMagico\Cubo Mágico\Library\PackageCache\com.unity.visualscripting@1.7.8\Editor\VisualScripting.Core\Dependencies\DotNetZip\Unity.VisualScripting.IonicZip.dll
Native extension for WindowsStandalone target not found
Native extension for WebGL target not found
Refreshing native plugins compatible for Editor in 7.73 ms, found 3 plugins.
Preloading 0 native plugins for Editor in 0.00 ms.
Mono: successfully reloaded assembly
- Completed reload, in 14.329 seconds
Domain Reload Profiling:
	ReloadAssembly (14334ms)
		BeginReloadAssembly (2113ms)
			ExecutionOrderSort (0ms)
			DisableScriptedObjects (35ms)
			BackupInstance (0ms)
			ReleaseScriptingObjects (1ms)
			CreateAndSetChildDomain (426ms)
		EndReloadAssembly (11336ms)
			LoadAssemblies (1365ms)
			RebuildTransferFunctionScriptingTraits (0ms)
			SetupTypeCache (3113ms)
			ReleaseScriptCaches (7ms)
			RebuildScriptCaches (262ms)
			SetupLoadedEditorAssemblies (5520ms)
				LogAssemblyErrors (0ms)
				InitializePlatformSupportModulesInManaged (173ms)
				SetLoadedEditorAssemblies (2ms)
				RefreshPlugins (8ms)
				BeforeProcessingInitializeOnLoad (956ms)
				ProcessInitializeOnLoadAttributes (4081ms)
				ProcessInitializeOnLoadMethodAttributes (190ms)
				AfterProcessingInitializeOnLoad (108ms)
				EditorAssembliesLoaded (1ms)
			ExecutionOrderSort2 (0ms)
			AwakeInstancesAfterBackupRestoration (60ms)
Platform modules already initialized, skipping
Refreshing native plugins compatible for Editor in 14.71 ms, found 3 plugins.
Preloading 0 native plugins for Editor in 0.00 ms.
Unloading 3367 Unused Serialized files (Serialized files now loaded: 0)
Unloading 18 unused Assets / (24.7 KB). Loaded Objects now: 3878.
Memory consumption went from 120.4 MB to 120.4 MB.
Total: 16.775800 ms (FindLiveObjects: 1.833800 ms CreateObjectMapping: 2.789800 ms MarkObjects: 12.083600 ms  DeleteObjects: 0.062800 ms)

AssetImportParameters requested are different than current active one (requested -> active):
  custom:video-decoder-ogg-theora: a1e56fd34408186e4bbccfd4996cb3dc -> 
  custom:container-muxer-webm: aa71ff27fc2769a1b78a27578f13a17b -> 
  custom:container-demuxer-webm: 4f35f7cbe854078d1ac9338744f61a02 -> 
  custom:video-encoder-webm-vp8: eb34c28f22e8b96e1ab97ce403110664 -> 
  custom:audio-encoder-webm-vorbis: bf7c407c2cedff20999df2af8eb42d56 -> 
  custom:framework-win-MediaFoundation: 216162199b28c13a410421893ffa2e32 -> 
  custom:container-demuxer-ogg: 62fdf1f143b41e24485cea50d1cbac27 -> 
  custom:video-decoder-webm-vp8: 9c59270c3fd7afecdb556c50c9e8de78 -> 
  custom:audio-decoder-ogg-vorbis: bf7c407c2cedff20999df2af8eb42d56 -> 
========================================================================
Received Prepare
Registering precompiled user dll's ...
Registered in 0.201948 seconds.
Begin MonoManager ReloadAssembly
Symbol file LoadedFromMemory doesn't match image D:\Videojuegos-Proyects\CuboMagico\Cubo Mágico\Library\PackageCache\com.unity.visualscripting@1.7.8\Editor\VisualScripting.Core\Dependencies\YamlDotNet\Unity.VisualScripting.YamlDotNet.dll
Symbol file LoadedFromMemory doesn't match image D:\Videojuegos-Proyects\CuboMagico\Cubo Mágico\Library\PackageCache\com.unity.visualscripting@1.7.8\Editor\VisualScripting.Core\Dependencies\DotNetZip\Unity.VisualScripting.IonicZip.dll
Native extension for WindowsStandalone target not found
Native extension for WebGL target not found
Refreshing native plugins compatible for Editor in 2.35 ms, found 3 plugins.
Preloading 0 native plugins for Editor in 0.00 ms.
Mono: successfully reloaded assembly
- Completed reload, in 10.892 seconds
Domain Reload Profiling:
	ReloadAssembly (10897ms)
		BeginReloadAssembly (1357ms)
			ExecutionOrderSort (0ms)
			DisableScriptedObjects (57ms)
			BackupInstance (0ms)
			ReleaseScriptingObjects (0ms)
			CreateAndSetChildDomain (224ms)
		EndReloadAssembly (8538ms)
			LoadAssemblies (1064ms)
			RebuildTransferFunctionScriptingTraits (0ms)
			SetupTypeCache (3292ms)
			ReleaseScriptCaches (7ms)
			RebuildScriptCaches (435ms)
			SetupLoadedEditorAssemblies (3285ms)
				LogAssemblyErrors (0ms)
				InitializePlatformSupportModulesInManaged (128ms)
				SetLoadedEditorAssemblies (4ms)
				RefreshPlugins (3ms)
				BeforeProcessingInitializeOnLoad (600ms)
				ProcessInitializeOnLoadAttributes (2196ms)
				ProcessInitializeOnLoadMethodAttributes (211ms)
				AfterProcessingInitializeOnLoad (143ms)
				EditorAssembliesLoaded (1ms)
			ExecutionOrderSort2 (0ms)
			AwakeInstancesAfterBackupRestoration (54ms)
Platform modules already initialized, skipping
Refreshing native plugins compatible for Editor in 107.27 ms, found 3 plugins.
Preloading 0 native plugins for Editor in 0.00 ms.
Unloading 3367 Unused Serialized files (Serialized files now loaded: 0)
Unloading 18 unused Assets / (24.7 KB). Loaded Objects now: 3881.
Memory consumption went from 120.4 MB to 120.4 MB.
Total: 48.938900 ms (FindLiveObjects: 1.949500 ms CreateObjectMapping: 0.697700 ms MarkObjects: 46.230600 ms  DeleteObjects: 0.057100 ms)

AssetImportParameters requested are different than current active one (requested -> active):
  custom:video-decoder-ogg-theora: a1e56fd34408186e4bbccfd4996cb3dc -> 
  custom:container-muxer-webm: aa71ff27fc2769a1b78a27578f13a17b -> 
  custom:container-demuxer-webm: 4f35f7cbe854078d1ac9338744f61a02 -> 
  custom:video-encoder-webm-vp8: eb34c28f22e8b96e1ab97ce403110664 -> 
  custom:audio-encoder-webm-vorbis: bf7c407c2cedff20999df2af8eb42d56 -> 
  custom:framework-win-MediaFoundation: 216162199b28c13a410421893ffa2e32 -> 
  custom:container-demuxer-ogg: 62fdf1f143b41e24485cea50d1cbac27 -> 
  custom:video-decoder-webm-vp8: 9c59270c3fd7afecdb556c50c9e8de78 -> 
  custom:audio-decoder-ogg-vorbis: bf7c407c2cedff20999df2af8eb42d56 -> 
========================================================================
Received Prepare
Registering precompiled user dll's ...
Registered in 0.050987 seconds.
Begin MonoManager ReloadAssembly
Symbol file LoadedFromMemory doesn't match image D:\Videojuegos-Proyects\CuboMagico\Cubo Mágico\Library\PackageCache\com.unity.visualscripting@1.7.8\Editor\VisualScripting.Core\Dependencies\YamlDotNet\Unity.VisualScripting.YamlDotNet.dll
Symbol file LoadedFromMemory doesn't match image D:\Videojuegos-Proyects\CuboMagico\Cubo Mágico\Library\PackageCache\com.unity.visualscripting@1.7.8\Editor\VisualScripting.Core\Dependencies\DotNetZip\Unity.VisualScripting.IonicZip.dll
Native extension for WindowsStandalone target not found
Native extension for WebGL target not found
Refreshing native plugins compatible for Editor in 2.50 ms, found 3 plugins.
Preloading 0 native plugins for Editor in 0.00 ms.
Mono: successfully reloaded assembly
- Completed reload, in 11.839 seconds
Domain Reload Profiling:
	ReloadAssembly (11848ms)
		BeginReloadAssembly (1435ms)
			ExecutionOrderSort (0ms)
			DisableScriptedObjects (47ms)
			BackupInstance (0ms)
			ReleaseScriptingObjects (0ms)
			CreateAndSetChildDomain (205ms)
		EndReloadAssembly (9122ms)
			LoadAssemblies (1254ms)
			RebuildTransferFunctionScriptingTraits (0ms)
			SetupTypeCache (2956ms)
			ReleaseScriptCaches (6ms)
			RebuildScriptCaches (275ms)
			SetupLoadedEditorAssemblies (4500ms)
				LogAssemblyErrors (0ms)
				InitializePlatformSupportModulesInManaged (278ms)
				SetLoadedEditorAssemblies (3ms)
				RefreshPlugins (4ms)
				BeforeProcessingInitializeOnLoad (1225ms)
				ProcessInitializeOnLoadAttributes (2614ms)
				ProcessInitializeOnLoadMethodAttributes (184ms)
				AfterProcessingInitializeOnLoad (189ms)
				EditorAssembliesLoaded (1ms)
			ExecutionOrderSort2 (0ms)
			AwakeInstancesAfterBackupRestoration (125ms)
Platform modules already initialized, skipping
Refreshing native plugins compatible for Editor in 16.05 ms, found 3 plugins.
Preloading 0 native plugins for Editor in 0.00 ms.
Unloading 3367 Unused Serialized files (Serialized files now loaded: 0)
Unloading 18 unused Assets / (24.5 KB). Loaded Objects now: 3884.
Memory consumption went from 120.4 MB to 120.4 MB.
Total: 17.695800 ms (FindLiveObjects: 3.068900 ms CreateObjectMapping: 1.920100 ms MarkObjects: 12.156500 ms  DeleteObjects: 0.537600 ms)

AssetImportParameters requested are different than current active one (requested -> active):
  custom:video-decoder-ogg-theora: a1e56fd34408186e4bbccfd4996cb3dc -> 
  custom:container-muxer-webm: aa71ff27fc2769a1b78a27578f13a17b -> 
  custom:container-demuxer-webm: 4f35f7cbe854078d1ac9338744f61a02 -> 
  custom:video-encoder-webm-vp8: eb34c28f22e8b96e1ab97ce403110664 -> 
  custom:audio-encoder-webm-vorbis: bf7c407c2cedff20999df2af8eb42d56 -> 
  custom:framework-win-MediaFoundation: 216162199b28c13a410421893ffa2e32 -> 
  custom:container-demuxer-ogg: 62fdf1f143b41e24485cea50d1cbac27 -> 
  custom:video-decoder-webm-vp8: 9c59270c3fd7afecdb556c50c9e8de78 -> 
  custom:audio-decoder-ogg-vorbis: bf7c407c2cedff20999df2af8eb42d56 -> 
========================================================================
Received Import Request.
  Time since last request: 922.506028 seconds.
  path: Assets/Scenes/Guia #7/Misión C La Cámara Inteligente.unity
  artifactKey: Guid(324744f0679b957408f260f77c6c309b) Importer(815301076,1909f56bfc062723c751e8b465ee728b)
Start importing Assets/Scenes/Guia #7/Misión C La Cámara Inteligente.unity using Guid(324744f0679b957408f260f77c6c309b) Importer(815301076,1909f56bfc062723c751e8b465ee728b)  -> (artifact id: '97d5bb5062ef27bb22a86274543a00ec') in 0.095200 seconds 
========================================================================
Received Prepare
Registering precompiled user dll's ...
Registered in 0.039511 seconds.
Begin MonoManager ReloadAssembly
Symbol file LoadedFromMemory doesn't match image D:\Videojuegos-Proyects\CuboMagico\Cubo Mágico\Library\PackageCache\com.unity.visualscripting@1.7.8\Editor\VisualScripting.Core\Dependencies\YamlDotNet\Unity.VisualScripting.YamlDotNet.dll
Symbol file LoadedFromMemory doesn't match image D:\Videojuegos-Proyects\CuboMagico\Cubo Mágico\Library\PackageCache\com.unity.visualscripting@1.7.8\Editor\VisualScripting.Core\Dependencies\DotNetZip\Unity.VisualScripting.IonicZip.dll
Native extension for WindowsStandalone target not found
Native extension for WebGL target not found
Refreshing native plugins compatible for Editor in 7.07 ms, found 3 plugins.
Preloading 0 native plugins for Editor in 0.00 ms.
Mono: successfully reloaded assembly
- Completed reload, in 25.467 seconds
Domain Reload Profiling:
	ReloadAssembly (25472ms)
		BeginReloadAssembly (1586ms)
			ExecutionOrderSort (0ms)
			DisableScriptedObjects (61ms)
			BackupInstance (0ms)
			ReleaseScriptingObjects (2ms)
			CreateAndSetChildDomain (325ms)
		EndReloadAssembly (22607ms)
			LoadAssemblies (1314ms)
			RebuildTransferFunctionScriptingTraits (3ms)
			SetupTypeCache (8410ms)
			ReleaseScriptCaches (16ms)
			RebuildScriptCaches (1355ms)
			SetupLoadedEditorAssemblies (7685ms)
				LogAssemblyErrors (0ms)
				InitializePlatformSupportModulesInManaged (304ms)
				SetLoadedEditorAssemblies (9ms)
				RefreshPlugins (7ms)
				BeforeProcessingInitializeOnLoad (3910ms)
				ProcessInitializeOnLoadAttributes (3188ms)
				ProcessInitializeOnLoadMethodAttributes (175ms)
				AfterProcessingInitializeOnLoad (91ms)
				EditorAssembliesLoaded (1ms)
			ExecutionOrderSort2 (0ms)
			AwakeInstancesAfterBackupRestoration (43ms)
Platform modules already initialized, skipping
Refreshing native plugins compatible for Editor in 66.44 ms, found 3 plugins.
Preloading 0 native plugins for Editor in 0.00 ms.
Unloading 3367 Unused Serialized files (Serialized files now loaded: 0)
Unloading 18 unused Assets / (24.7 KB). Loaded Objects now: 3887.
Memory consumption went from 120.4 MB to 120.4 MB.
Total: 47.343600 ms (FindLiveObjects: 11.254900 ms CreateObjectMapping: 0.751100 ms MarkObjects: 35.264100 ms  DeleteObjects: 0.066200 ms)

AssetImportParameters requested are different than current active one (requested -> active):
  custom:video-decoder-ogg-theora: a1e56fd34408186e4bbccfd4996cb3dc -> 
  custom:container-muxer-webm: aa71ff27fc2769a1b78a27578f13a17b -> 
  custom:container-demuxer-webm: 4f35f7cbe854078d1ac9338744f61a02 -> 
  custom:video-encoder-webm-vp8: eb34c28f22e8b96e1ab97ce403110664 -> 
  custom:audio-encoder-webm-vorbis: bf7c407c2cedff20999df2af8eb42d56 -> 
  custom:framework-win-MediaFoundation: 216162199b28c13a410421893ffa2e32 -> 
  custom:container-demuxer-ogg: 62fdf1f143b41e24485cea50d1cbac27 -> 
  custom:video-decoder-webm-vp8: 9c59270c3fd7afecdb556c50c9e8de78 -> 
  custom:audio-decoder-ogg-vorbis: bf7c407c2cedff20999df2af8eb42d56 -> 
========================================================================
Received Prepare
Registering precompiled user dll's ...
Registered in 0.088509 seconds.
Begin MonoManager ReloadAssembly
Symbol file LoadedFromMemory doesn't match image D:\Videojuegos-Proyects\CuboMagico\Cubo Mágico\Library\PackageCache\com.unity.visualscripting@1.7.8\Editor\VisualScripting.Core\Dependencies\YamlDotNet\Unity.VisualScripting.YamlDotNet.dll
Symbol file LoadedFromMemory doesn't match image D:\Videojuegos-Proyects\CuboMagico\Cubo Mágico\Library\PackageCache\com.unity.visualscripting@1.7.8\Editor\VisualScripting.Core\Dependencies\DotNetZip\Unity.VisualScripting.IonicZip.dll
Native extension for WindowsStandalone target not found
Native extension for WebGL target not found
Refreshing native plugins compatible for Editor in 2.26 ms, found 3 plugins.
Preloading 0 native plugins for Editor in 0.00 ms.
Mono: successfully reloaded assembly
- Completed reload, in 12.972 seconds
Domain Reload Profiling:
	ReloadAssembly (12979ms)
		BeginReloadAssembly (1263ms)
			ExecutionOrderSort (0ms)
			DisableScriptedObjects (30ms)
			BackupInstance (0ms)
			ReleaseScriptingObjects (0ms)
			CreateAndSetChildDomain (173ms)
		EndReloadAssembly (10826ms)
			LoadAssemblies (1054ms)
			RebuildTransferFunctionScriptingTraits (0ms)
			SetupTypeCache (4967ms)
			ReleaseScriptCaches (4ms)
			RebuildScriptCaches (272ms)
			SetupLoadedEditorAssemblies (4095ms)
				LogAssemblyErrors (0ms)
				InitializePlatformSupportModulesInManaged (148ms)
				SetLoadedEditorAssemblies (2ms)
				RefreshPlugins (3ms)
				BeforeProcessingInitializeOnLoad (534ms)
				ProcessInitializeOnLoadAttributes (3049ms)
				ProcessInitializeOnLoadMethodAttributes (235ms)
				AfterProcessingInitializeOnLoad (117ms)
				EditorAssembliesLoaded (6ms)
			ExecutionOrderSort2 (0ms)
			AwakeInstancesAfterBackupRestoration (88ms)
Platform modules already initialized, skipping
Refreshing native plugins compatible for Editor in 22.00 ms, found 3 plugins.
Preloading 0 native plugins for Editor in 0.00 ms.
Unloading 3367 Unused Serialized files (Serialized files now loaded: 0)
Unloading 18 unused Assets / (24.8 KB). Loaded Objects now: 3890.
Memory consumption went from 120.4 MB to 120.4 MB.
Total: 14.934700 ms (FindLiveObjects: 1.666300 ms CreateObjectMapping: 0.548500 ms MarkObjects: 12.549500 ms  DeleteObjects: 0.166000 ms)

AssetImportParameters requested are different than current active one (requested -> active):
  custom:video-decoder-ogg-theora: a1e56fd34408186e4bbccfd4996cb3dc -> 
  custom:container-muxer-webm: aa71ff27fc2769a1b78a27578f13a17b -> 
  custom:container-demuxer-webm: 4f35f7cbe854078d1ac9338744f61a02 -> 
  custom:video-encoder-webm-vp8: eb34c28f22e8b96e1ab97ce403110664 -> 
  custom:audio-encoder-webm-vorbis: bf7c407c2cedff20999df2af8eb42d56 -> 
  custom:framework-win-MediaFoundation: 216162199b28c13a410421893ffa2e32 -> 
  custom:container-demuxer-ogg: 62fdf1f143b41e24485cea50d1cbac27 -> 
  custom:video-decoder-webm-vp8: 9c59270c3fd7afecdb556c50c9e8de78 -> 
  custom:audio-decoder-ogg-vorbis: bf7c407c2cedff20999df2af8eb42d56 -> 
========================================================================
Received Import Request.
  Time since last request: 239.111770 seconds.
  path: Assets/Scenes/Guia #7/Misión B La Cámara del Director.unity
  artifactKey: Guid(16d2edb9e326ce8499919f424095205d) Importer(815301076,1909f56bfc062723c751e8b465ee728b)
Start importing Assets/Scenes/Guia #7/Misión B La Cámara del Director.unity using Guid(16d2edb9e326ce8499919f424095205d) Importer(815301076,1909f56bfc062723c751e8b465ee728b)  -> (artifact id: '04c9ee09c9eacc80b992e2e484953079') in 0.073900 seconds 
========================================================================
Received Import Request.
  Time since last request: 14.330911 seconds.
  path: Assets/Scenes/Guia #7/Misión B La Cámara del Director 1.unity
  artifactKey: Guid(27cc3229f8ee09f42a12e28e2abe20fe) Importer(815301076,1909f56bfc062723c751e8b465ee728b)
Start importing Assets/Scenes/Guia #7/Misión B La Cámara del Director 1.unity using Guid(27cc3229f8ee09f42a12e28e2abe20fe) Importer(815301076,1909f56bfc062723c751e8b465ee728b)  -> (artifact id: '5f68830d209236fccc9a4ea45374c0f0') in 0.087230 seconds 
========================================================================
Received Import Request.
  Time since last request: 16.253134 seconds.
  path: Assets/Scenes/Guia #7/Misión C La Cámara Inteligente.unity
  artifactKey: Guid(27cc3229f8ee09f42a12e28e2abe20fe) Importer(815301076,1909f56bfc062723c751e8b465ee728b)
Start importing Assets/Scenes/Guia #7/Misión C La Cámara Inteligente.unity using Guid(27cc3229f8ee09f42a12e28e2abe20fe) Importer(815301076,1909f56bfc062723c751e8b465ee728b)  -> (artifact id: '9261ea3c90d8d50610f9d7c5a81cee4c') in 0.027472 seconds 
========================================================================
Received Import Request.
  Time since last request: 109.149096 seconds.
  path: ProjectSettings/TagManager.asset
  artifactKey: Guid(00000000000000003000000000000000) Importer(815301076,1909f56bfc062723c751e8b465ee728b)
Start importing ProjectSettings/TagManager.asset using Guid(00000000000000003000000000000000) Importer(815301076,1909f56bfc062723c751e8b465ee728b)  -> (artifact id: '49103ddb131dee35ba8759c97ba2dd04') in 0.175043 seconds 
========================================================================
Received Prepare
Registering precompiled user dll's ...
Registered in 0.057525 seconds.
Begin MonoManager ReloadAssembly
Symbol file LoadedFromMemory doesn't match image D:\Videojuegos-Proyects\CuboMagico\Cubo Mágico\Library\PackageCache\com.unity.visualscripting@1.7.8\Editor\VisualScripting.Core\Dependencies\YamlDotNet\Unity.VisualScripting.YamlDotNet.dll
Symbol file LoadedFromMemory doesn't match image D:\Videojuegos-Proyects\CuboMagico\Cubo Mágico\Library\PackageCache\com.unity.visualscripting@1.7.8\Editor\VisualScripting.Core\Dependencies\DotNetZip\Unity.VisualScripting.IonicZip.dll
Native extension for WindowsStandalone target not found
Native extension for WebGL target not found
Refreshing native plugins compatible for Editor in 6.66 ms, found 3 plugins.
Preloading 0 native plugins for Editor in 0.00 ms.
Mono: successfully reloaded assembly
- Completed reload, in 13.598 seconds
Domain Reload Profiling:
	ReloadAssembly (13614ms)
		BeginReloadAssembly (2235ms)
			ExecutionOrderSort (0ms)
			DisableScriptedObjects (151ms)
			BackupInstance (0ms)
			ReleaseScriptingObjects (0ms)
			CreateAndSetChildDomain (646ms)
		EndReloadAssembly (9653ms)
			LoadAssemblies (1417ms)
			RebuildTransferFunctionScriptingTraits (0ms)
			SetupTypeCache (3542ms)
			ReleaseScriptCaches (12ms)
			RebuildScriptCaches (560ms)
			SetupLoadedEditorAssemblies (3801ms)
				LogAssemblyErrors (0ms)
				InitializePlatformSupportModulesInManaged (156ms)
				SetLoadedEditorAssemblies (4ms)
				RefreshPlugins (7ms)
				BeforeProcessingInitializeOnLoad (751ms)
				ProcessInitializeOnLoadAttributes (2472ms)
				ProcessInitializeOnLoadMethodAttributes (296ms)
				AfterProcessingInitializeOnLoad (113ms)
				EditorAssembliesLoaded (1ms)
			ExecutionOrderSort2 (0ms)
			AwakeInstancesAfterBackupRestoration (44ms)
Platform modules already initialized, skipping
Refreshing native plugins compatible for Editor in 7.02 ms, found 3 plugins.
Preloading 0 native plugins for Editor in 0.00 ms.
Unloading 3367 Unused Serialized files (Serialized files now loaded: 0)
Unloading 19 unused Assets / (24.7 KB). Loaded Objects now: 3893.
Memory consumption went from 120.4 MB to 120.4 MB.
Total: 48.605800 ms (FindLiveObjects: 0.836300 ms CreateObjectMapping: 0.726000 ms MarkObjects: 35.588200 ms  DeleteObjects: 11.451600 ms)

AssetImportParameters requested are different than current active one (requested -> active):
  custom:video-decoder-ogg-theora: a1e56fd34408186e4bbccfd4996cb3dc -> 
  custom:container-muxer-webm: aa71ff27fc2769a1b78a27578f13a17b -> 
  custom:container-demuxer-webm: 4f35f7cbe854078d1ac9338744f61a02 -> 
  custom:video-encoder-webm-vp8: eb34c28f22e8b96e1ab97ce403110664 -> 
  custom:audio-encoder-webm-vorbis: bf7c407c2cedff20999df2af8eb42d56 -> 
  custom:framework-win-MediaFoundation: 216162199b28c13a410421893ffa2e32 -> 
  custom:container-demuxer-ogg: 62fdf1f143b41e24485cea50d1cbac27 -> 
  custom:video-decoder-webm-vp8: 9c59270c3fd7afecdb556c50c9e8de78 -> 
  custom:audio-decoder-ogg-vorbis: bf7c407c2cedff20999df2af8eb42d56 -> 
========================================================================
Received Prepare
Registering precompiled user dll's ...
Registered in 0.082475 seconds.
Begin MonoManager ReloadAssembly
Symbol file LoadedFromMemory doesn't match image D:\Videojuegos-Proyects\CuboMagico\Cubo Mágico\Library\PackageCache\com.unity.visualscripting@1.7.8\Editor\VisualScripting.Core\Dependencies\YamlDotNet\Unity.VisualScripting.YamlDotNet.dll
Symbol file LoadedFromMemory doesn't match image D:\Videojuegos-Proyects\CuboMagico\Cubo Mágico\Library\PackageCache\com.unity.visualscripting@1.7.8\Editor\VisualScripting.Core\Dependencies\DotNetZip\Unity.VisualScripting.IonicZip.dll
Native extension for WindowsStandalone target not found
Native extension for WebGL target not found
Refreshing native plugins compatible for Editor in 5.97 ms, found 3 plugins.
Preloading 0 native plugins for Editor in 0.00 ms.
Mono: successfully reloaded assembly
- Completed reload, in 14.079 seconds
Domain Reload Profiling:
	ReloadAssembly (14103ms)
		BeginReloadAssembly (1546ms)
			ExecutionOrderSort (0ms)
			DisableScriptedObjects (63ms)
			BackupInstance (0ms)
			ReleaseScriptingObjects (0ms)
			CreateAndSetChildDomain (333ms)
		EndReloadAssembly (11435ms)
			LoadAssemblies (1108ms)
			RebuildTransferFunctionScriptingTraits (0ms)
			SetupTypeCache (2099ms)
			ReleaseScriptCaches (3ms)
			RebuildScriptCaches (218ms)
			SetupLoadedEditorAssemblies (6972ms)
				LogAssemblyErrors (0ms)
				InitializePlatformSupportModulesInManaged (156ms)
				SetLoadedEditorAssemblies (4ms)
				RefreshPlugins (8ms)
				BeforeProcessingInitializeOnLoad (834ms)
				ProcessInitializeOnLoadAttributes (5063ms)
				ProcessInitializeOnLoadMethodAttributes (207ms)
				AfterProcessingInitializeOnLoad (699ms)
				EditorAssembliesLoaded (1ms)
			ExecutionOrderSort2 (0ms)
			AwakeInstancesAfterBackupRestoration (163ms)
Platform modules already initialized, skipping
Refreshing native plugins compatible for Editor in 390.77 ms, found 3 plugins.
Preloading 0 native plugins for Editor in 0.00 ms.
Unloading 3367 Unused Serialized files (Serialized files now loaded: 0)
Unloading 18 unused Assets / (24.7 KB). Loaded Objects now: 3896.
Memory consumption went from 120.4 MB to 120.4 MB.
Total: 62.891600 ms (FindLiveObjects: 5.234000 ms CreateObjectMapping: 41.607500 ms MarkObjects: 15.831400 ms  DeleteObjects: 0.214300 ms)

AssetImportParameters requested are different than current active one (requested -> active):
  custom:video-decoder-ogg-theora: a1e56fd34408186e4bbccfd4996cb3dc -> 
  custom:container-muxer-webm: aa71ff27fc2769a1b78a27578f13a17b -> 
  custom:container-demuxer-webm: 4f35f7cbe854078d1ac9338744f61a02 -> 
  custom:video-encoder-webm-vp8: eb34c28f22e8b96e1ab97ce403110664 -> 
  custom:audio-encoder-webm-vorbis: bf7c407c2cedff20999df2af8eb42d56 -> 
  custom:framework-win-MediaFoundation: 216162199b28c13a410421893ffa2e32 -> 
  custom:container-demuxer-ogg: 62fdf1f143b41e24485cea50d1cbac27 -> 
  custom:video-decoder-webm-vp8: 9c59270c3fd7afecdb556c50c9e8de78 -> 
  custom:audio-decoder-ogg-vorbis: bf7c407c2cedff20999df2af8eb42d56 -> 
========================================================================
Received Prepare
Registering precompiled user dll's ...
Registered in 0.039983 seconds.
Begin MonoManager ReloadAssembly
Symbol file LoadedFromMemory doesn't match image D:\Videojuegos-Proyects\CuboMagico\Cubo Mágico\Library\PackageCache\com.unity.visualscripting@1.7.8\Editor\VisualScripting.Core\Dependencies\YamlDotNet\Unity.VisualScripting.YamlDotNet.dll
Symbol file LoadedFromMemory doesn't match image D:\Videojuegos-Proyects\CuboMagico\Cubo Mágico\Library\PackageCache\com.unity.visualscripting@1.7.8\Editor\VisualScripting.Core\Dependencies\DotNetZip\Unity.VisualScripting.IonicZip.dll
Native extension for WindowsStandalone target not found
Native extension for WebGL target not found
Refreshing native plugins compatible for Editor in 2.50 ms, found 3 plugins.
Preloading 0 native plugins for Editor in 0.00 ms.
Mono: successfully reloaded assembly
- Completed reload, in  9.906 seconds
Domain Reload Profiling:
	ReloadAssembly (9913ms)
		BeginReloadAssembly (1686ms)
			ExecutionOrderSort (0ms)
			DisableScriptedObjects (47ms)
			BackupInstance (0ms)
			ReleaseScriptingObjects (0ms)
			CreateAndSetChildDomain (285ms)
		EndReloadAssembly (6143ms)
			LoadAssemblies (2020ms)
			RebuildTransferFunctionScriptingTraits (0ms)
			SetupTypeCache (2047ms)
			ReleaseScriptCaches (5ms)
			RebuildScriptCaches (289ms)
			SetupLoadedEditorAssemblies (2083ms)
				LogAssemblyErrors (1ms)
				InitializePlatformSupportModulesInManaged (104ms)
				SetLoadedEditorAssemblies (2ms)
				RefreshPlugins (4ms)
				BeforeProcessingInitializeOnLoad (486ms)
				ProcessInitializeOnLoadAttributes (1238ms)
				ProcessInitializeOnLoadMethodAttributes (161ms)
				AfterProcessingInitializeOnLoad (87ms)
				EditorAssembliesLoaded (1ms)
			ExecutionOrderSort2 (0ms)
			AwakeInstancesAfterBackupRestoration (36ms)
Platform modules already initialized, skipping
Refreshing native plugins compatible for Editor in 22.74 ms, found 3 plugins.
Preloading 0 native plugins for Editor in 0.00 ms.
Unloading 3367 Unused Serialized files (Serialized files now loaded: 0)
Unloading 18 unused Assets / (24.8 KB). Loaded Objects now: 3899.
Memory consumption went from 120.4 MB to 120.4 MB.
Total: 106.636700 ms (FindLiveObjects: 38.100600 ms CreateObjectMapping: 14.355200 ms MarkObjects: 53.765800 ms  DeleteObjects: 0.410100 ms)

AssetImportParameters requested are different than current active one (requested -> active):
  custom:video-decoder-ogg-theora: a1e56fd34408186e4bbccfd4996cb3dc -> 
  custom:container-muxer-webm: aa71ff27fc2769a1b78a27578f13a17b -> 
  custom:container-demuxer-webm: 4f35f7cbe854078d1ac9338744f61a02 -> 
  custom:video-encoder-webm-vp8: eb34c28f22e8b96e1ab97ce403110664 -> 
  custom:audio-encoder-webm-vorbis: bf7c407c2cedff20999df2af8eb42d56 -> 
  custom:framework-win-MediaFoundation: 216162199b28c13a410421893ffa2e32 -> 
  custom:container-demuxer-ogg: 62fdf1f143b41e24485cea50d1cbac27 -> 
  custom:video-decoder-webm-vp8: 9c59270c3fd7afecdb556c50c9e8de78 -> 
  custom:audio-decoder-ogg-vorbis: bf7c407c2cedff20999df2af8eb42d56 -> 
========================================================================
Received Prepare
Registering precompiled user dll's ...
Registered in 4.741628 seconds.
